<?xml version="1.0" encoding="UTF-8"?>
<!-- Generated by org.testng.reporters.JUnitReportReporter -->
<testsuite skipped="0" hostname="DESKTOP-88U9UVN" name="jbktest.LoginDownlaodTest" tests="1" failures="0" timestamp="2022-05-12T19:31:41 IST" time="9.162" errors="0">
  <testcase name="verifyTitle" time="9.162" classname="jbktest.LoginDownlaodTest"/>
  <system-out/>
</testsuite> <!-- jbktest.LoginDownlaodTest -->
