<?xml version="1.0" encoding="UTF-8"?>
<!-- Generated by org.testng.reporters.JUnitReportReporter -->
<testsuite skipped="0" hostname="DESKTOP-88U9UVN" name="jbktest.LoginOperatorsTest" tests="1" failures="0" timestamp="2022-05-12T19:31:41 IST" time="12.348" errors="0">
  <testcase name="verifyTitle" time="12.348" classname="jbktest.LoginOperatorsTest"/>
  <system-out/>
</testsuite> <!-- jbktest.LoginOperatorsTest -->
