<?xml version="1.0" encoding="UTF-8"?>
<!-- Generated by org.testng.reporters.JUnitReportReporter -->
<testsuite skipped="0" hostname="DESKTOP-88U9UVN" name="jbktest.Logintest" tests="1" failures="0" timestamp="2022-05-12T19:31:41 IST" time="17.583" errors="0">
  <testcase name="verifyTitle" time="17.583" classname="jbktest.Logintest"/>
  <system-out/>
</testsuite> <!-- jbktest.Logintest -->
